[18:20:38] [main/INFO]: Loading Minecraft 1.20.4 with Fabric Loader 0.19.2
[18:20:38] [main/INFO]: Loading 46 mods:
	- fabric-api 0.97.3+1.20.4
	   |-- fabric-api-base 0.4.37+78d798af4f
	   |-- fabric-api-lookup-api-v1 1.6.50+82b1bb3e4f
	   |-- fabric-biome-api-v1 13.0.17+78d798af4f
	   |-- fabric-block-api-v1 1.0.17+3e2216cb4f
	   |-- fabric-block-view-api-v2 1.0.5+78d798af4f
	   |-- fabric-blockrenderlayer-v1 1.1.47+78d798af4f
	   |-- fabric-client-tags-api-v1 1.1.8+78d798af4f
	   |-- fabric-command-api-v1 1.2.42+f71b366f4f
	   |-- fabric-command-api-v2 2.2.21+78d798af4f
	   |-- fabric-commands-v0 0.2.59+df3654b34f
	   |-- fabric-containers-v0 0.1.88+df3654b34f
	   |-- fabric-content-registries-v0 5.0.16+78d798af4f
	   |-- fabric-convention-tags-v1 1.5.11+78d798af4f
	   |-- fabric-crash-report-info-v1 0.2.24+78d798af4f
	   |-- fabric-data-attachment-api-v1 1.1.5+b90db5744f
	   |-- fabric-data-generation-api-v1 13.2.6+5c0133444f
	   |-- fabric-dimensions-v1 2.1.63+6605d1a84f
	   |-- fabric-entity-events-v1 1.6.2+09fc25014f
	   |-- fabric-events-interaction-v0 0.7.2+389931eb4f
	   |-- fabric-events-lifecycle-v0 0.2.76+df3654b34f
	   |-- fabric-game-rule-api-v1 1.0.47+78d798af4f
	   |-- fabric-item-api-v1 2.3.1+cadc140c4f
	   |-- fabric-item-group-api-v1 4.0.27+ee30b13a4f
	   |-- fabric-key-binding-api-v1 1.0.42+78d798af4f
	   |-- fabric-keybindings-v0 0.2.40+df3654b34f
	   |-- fabric-lifecycle-events-v1 2.3.1+a67ffb5d4f
	   |-- fabric-loot-api-v2 2.1.10+78d798af4f
	   |-- fabric-message-api-v1 6.0.6+78d798af4f
	   |-- fabric-mining-level-api-v1 2.1.66+78d798af4f
	   |-- fabric-model-loading-api-v1 1.0.9+78d798af4f
	   |-- fabric-models-v0 0.4.8+9386d8a74f
	   |-- fabric-networking-api-v1 3.1.9+6abb6a4b4f
	   |-- fabric-object-builder-api-v1 13.1.0+dba1195c4f
	   |-- fabric-particles-v1 1.1.8+78d798af4f
	   |-- fabric-recipe-api-v1 2.0.22+78d798af4f
	   |-- fabric-registry-sync-v0 4.0.21+ee30b13a4f
	   |-- fabric-renderer-api-v1 3.2.5+78d798af4f
	   |-- fabric-renderer-indigo 1.5.6+d331d3144f
	   |-- fabric-renderer-registries-v1 3.2.54+df3654b34f
	   |-- fabric-rendering-data-attachment-v1 0.3.43+73761d2e4f
	   |-- fabric-rendering-fluids-v1 3.1.2+e761c6694f
	   |-- fabric-rendering-v0 1.1.57+df3654b34f
	   |-- fabric-rendering-v1 3.2.1+6fd945a04f
	   |-- fabric-resource-conditions-api-v1 2.3.15+78d798af4f
	   |-- fabric-resource-loader-v0 0.11.21+ee30b13a4f
	   |-- fabric-screen-api-v1 2.0.18+78d798af4f
	   |-- fabric-screen-handler-api-v1 1.3.57+78d798af4f
	   |-- fabric-sound-api-v1 1.0.18+78d798af4f
	   |-- fabric-transfer-api-v1 4.0.12+90f2d7b14f
	   \-- fabric-transitive-access-wideners-v1 5.0.15+78d798af4f
	- fabricloader 0.19.2
	   \-- mixinextras 0.5.4
	- fabricproxy-legacy 1.8.0
	- java 25
	- minecraft 1.20.4
	- polymc 5.6.1+1.20.4
	   |-- packet_tweaker 0.5.0+1.20.2-rc1
	   \-- resource-locator-api 0.5.1+1.20.1
[18:20:38] [main/INFO]: SpongePowered MIXIN Subsystem Version=0.8.7 Source=file:/workspaces/EaglerCraft-Server-1.20.5/server/libraries/net/fabricmc/sponge-mixin/0.17.2+mixin.0.8.7/sponge-mixin-0.17.2+mixin.0.8.7.jar Service=Knot/Fabric Env=SERVER
[18:20:39] [main/INFO]: Compatibility level set to JAVA_17
[18:20:39] [main/INFO]: CustomPacketDisabler is disabled by config
[18:20:39] [main/INFO]: block.implementations.forceintcontrol.ChunkDeltaUpdateImplementation is disabled automatically
[18:20:40] [main/INFO]: block.implementations.forceintcontrol.WriteRegistryValueImplementation is disabled automatically
[18:20:40] [main/INFO]: compat.QuiltFabricRegistrySyncDisabler is disabled automatically
[18:20:40] [main/INFO]: compat.QuiltRegistrySyncDisabler is disabled automatically
[18:20:40] [main/INFO]: compat.immersive_portals.ImmPtlChunkTrackingMixin is disabled automatically
[18:20:40] [main/INFO]: compat.immersive_portals.PlayerChunkLoadingMixin is disabled automatically
[18:20:40] [main/INFO]: entity.RemoveTickerOnUnloadMixin is disabled automatically
[18:20:40] [main/WARN]: Error loading class: me/jellysquid/mods/lithium/common/world/chunk/LithiumHashPalette (java.lang.ClassNotFoundException: me/jellysquid/mods/lithium/common/world/chunk/LithiumHashPalette)
[18:20:40] [main/WARN]: @Mixin target me.jellysquid.mods.lithium.common.world.chunk.LithiumHashPalette was not found polymc.mixins.json:block.implementations.PaletteBlockPolyImplementation from mod polymc
[18:20:40] [main/WARN]: Error loading class: org/quiltmc/qsl/resource/loader/impl/ResourceLoaderImpl (java.lang.ClassNotFoundException: org/quiltmc/qsl/resource/loader/impl/ResourceLoaderImpl)
[18:20:40] [main/WARN]: @Mixin target org.quiltmc.qsl.resource.loader.impl.ResourceLoaderImpl was not found resource-locator-api.mixins.json:MixinQsl from mod resource-locator-api
[18:20:40] [main/WARN]: Error loading class: net/fabricmc/fabric/impl/resource/loader/GroupResourcePack (java.lang.ClassNotFoundException: net/fabricmc/fabric/impl/resource/loader/GroupResourcePack)
[18:20:40] [main/WARN]: @Mixin target net.fabricmc.fabric.impl.resource.loader.GroupResourcePack was not found resource-locator-api.mixins.json:MoreContextFapi from mod resource-locator-api
[18:20:40] [main/WARN]: Error loading class: org/quiltmc/qsl/resource/loader/api/GroupResourcePack (java.lang.ClassNotFoundException: org/quiltmc/qsl/resource/loader/api/GroupResourcePack)
[18:20:40] [main/WARN]: @Mixin target org.quiltmc.qsl.resource.loader.api.GroupResourcePack was not found resource-locator-api.mixins.json:MoreContextQsl from mod resource-locator-api
[18:20:40] [main/INFO]: Initializing MixinExtras via com.llamalad7.mixinextras.service.MixinExtrasServiceImpl(version=0.5.4).
[18:20:58] [main/INFO]: Environment: Environment[sessionHost=https://sessionserver.mojang.com, servicesHost=https://api.minecraftservices.com, name=PROD]
[18:21:02] [main/INFO]: Loaded 7 recipes
[18:21:02] [main/INFO]: Loaded 1271 advancements
[18:21:03] [main/INFO]: Applied 0 biome modifications to 0 of 64 new biomes in 2.157 ms
[18:21:03] [Server thread/INFO]: Starting minecraft server version 1.20.4
[18:21:03] [Server thread/INFO]: Loading properties
[18:21:03] [Server thread/INFO]: Default game type: SURVIVAL
[18:21:03] [Server thread/INFO]: Generating keypair
[18:21:03] [Server thread/INFO]: Starting Minecraft server on *:25565
[18:21:03] [Server thread/INFO]: Using epoll channel type
[18:21:03] [Server thread/WARN]: **** SERVER IS RUNNING IN OFFLINE/INSECURE MODE!
[18:21:03] [Server thread/WARN]: The server will make no attempt to authenticate usernames. Beware.
[18:21:03] [Server thread/WARN]: While this makes the game possible to play without internet access, it also opens up the ability for hackers to connect with any username they choose.
[18:21:03] [Server thread/WARN]: To change this, set "online-mode" to "true" in the server.properties file.
[18:21:03] [Server thread/INFO]: Preparing level "world"
[18:21:03] [Server thread/INFO]: Generated main polymap in 22.30 ms
[18:21:13] [Server thread/INFO]: Preparing start region for dimension minecraft:overworld
[18:21:18] [Worker-Main-1/INFO]: Preparing spawn area: 0%
[18:21:18] [Worker-Main-1/INFO]: Preparing spawn area: 0%
[18:21:18] [Worker-Main-1/INFO]: Preparing spawn area: 0%
[18:21:18] [Worker-Main-1/INFO]: Preparing spawn area: 0%
[18:21:18] [Worker-Main-1/INFO]: Preparing spawn area: 0%
[18:21:18] [Worker-Main-1/INFO]: Preparing spawn area: 0%
[18:21:18] [Worker-Main-1/INFO]: Preparing spawn area: 0%
[18:21:18] [Worker-Main-1/INFO]: Preparing spawn area: 0%
[18:21:18] [Worker-Main-1/INFO]: Preparing spawn area: 0%
[18:21:18] [Worker-Main-1/INFO]: Preparing spawn area: 0%
[18:21:18] [Worker-Main-1/INFO]: Preparing spawn area: 0%
[18:21:19] [Worker-Main-1/INFO]: Preparing spawn area: 0%
[18:21:19] [Worker-Main-1/INFO]: Preparing spawn area: 0%
[18:21:20] [Worker-Main-1/INFO]: Preparing spawn area: 0%
[18:21:20] [Worker-Main-1/INFO]: Preparing spawn area: 0%
[18:21:21] [Worker-Main-1/INFO]: Preparing spawn area: 0%
[18:21:21] [Worker-Main-1/INFO]: Preparing spawn area: 0%
[18:21:22] [Worker-Main-1/INFO]: Preparing spawn area: 0%
[18:21:22] [Server thread/INFO]: Time elapsed: 9165 ms
[18:21:22] [Server thread/INFO]: Done (19.066s)! For help, type "help"
[18:23:46] [Netty Epoll Server IO #2/ERROR]: Tried to get polymap but there's no player context. PolyMc will use the default PolyMap. If PolyMc is transforming things it shouldn't, this is why. Further errors of this kind will be silenced. Have a thread dump: 
[18:23:46] [Netty Epoll Server IO #2/INFO]: [STDERR]: java.lang.Exception: Stack trace
[18:23:46] [Netty Epoll Server IO #2/INFO]: [STDERR]: 	at java.base/java.lang.Thread.dumpStack(Thread.java:2018)
[18:23:46] [Netty Epoll Server IO #2/INFO]: [STDERR]: 	at knot//io.github.theepicblock.polymc.impl.Util.tryGetPolyMap(Util.java:197)
[18:23:46] [Netty Epoll Server IO #2/INFO]: [STDERR]: 	at knot//io.github.theepicblock.polymc.impl.poly.item.Enchantment2LoreTransformer.transform(Enchantment2LoreTransformer.java:30)
[18:23:46] [Netty Epoll Server IO #2/INFO]: [STDERR]: 	at knot//io.github.theepicblock.polymc.impl.PolyMapImpl.getClientItem(PolyMapImpl.java:109)
[18:23:46] [Netty Epoll Server IO #2/INFO]: [STDERR]: 	at knot//net.minecraft.class_6899.localvar$zjf001$polymc$swapEntry(class_6899.java:530)
[18:23:46] [Netty Epoll Server IO #2/INFO]: [STDERR]: 	at knot//net.minecraft.class_6899.method_40396(class_6899.java)
[18:23:46] [Netty Epoll Server IO #2/INFO]: [STDERR]: 	at knot//net.minecraft.class_6899.encode(class_6899.java:15)
[18:23:46] [Netty Epoll Server IO #2/INFO]: [STDERR]: 	at knot//com.mojang.serialization.Encoder.encodeStart(Encoder.java:14)
[18:23:46] [Netty Epoll Server IO #2/INFO]: [STDERR]: 	at knot//com.mojang.serialization.codecs.FieldEncoder.encode(FieldEncoder.java:24)
[18:23:46] [Netty Epoll Server IO #2/INFO]: [STDERR]: 	at knot//com.mojang.serialization.MapCodec$1.encode(MapCodec.java:39)
[18:23:46] [Netty Epoll Server IO #2/INFO]: [STDERR]: 	at knot//com.mojang.serialization.codecs.RecordCodecBuilder$Instance$8.encode(RecordCodecBuilder.java:377)
[18:23:46] [Netty Epoll Server IO #2/INFO]: [STDERR]: 	at knot//com.mojang.serialization.codecs.RecordCodecBuilder$2.encode(RecordCodecBuilder.java:112)
[18:23:46] [Netty Epoll Server IO #2/INFO]: [STDERR]: 	at knot//com.mojang.serialization.MapCodec$MapCodecCodec.encode(MapCodec.java:96)
[18:23:46] [Netty Epoll Server IO #2/INFO]: [STDERR]: 	at knot//com.mojang.serialization.Encoder.encodeStart(Encoder.java:14)
[18:23:46] [Netty Epoll Server IO #2/INFO]: [STDERR]: 	at knot//com.mojang.serialization.codecs.FieldEncoder.encode(FieldEncoder.java:24)
[18:23:46] [Netty Epoll Server IO #2/INFO]: [STDERR]: 	at knot//com.mojang.serialization.MapCodec$1.encode(MapCodec.java:39)
[18:23:46] [Netty Epoll Server IO #2/INFO]: [STDERR]: 	at knot//com.mojang.serialization.codecs.RecordCodecBuilder$Instance$6.encode(RecordCodecBuilder.java:297)
[18:23:46] [Netty Epoll Server IO #2/INFO]: [STDERR]: 	at knot//com.mojang.serialization.codecs.RecordCodecBuilder$2.encode(RecordCodecBuilder.java:112)
[18:23:46] [Netty Epoll Server IO #2/INFO]: [STDERR]: 	at knot//com.mojang.serialization.MapCodec$MapCodecCodec.encode(MapCodec.java:96)
[18:23:46] [Netty Epoll Server IO #2/INFO]: [STDERR]: 	at knot//com.mojang.serialization.Encoder.encodeStart(Encoder.java:14)
[18:23:46] [Netty Epoll Server IO #2/INFO]: [STDERR]: 	at knot//com.mojang.serialization.codecs.ListCodec.encode(ListCodec.java:31)
[18:23:46] [Netty Epoll Server IO #2/INFO]: [STDERR]: 	at knot//com.mojang.serialization.codecs.ListCodec.encode(ListCodec.java:19)
[18:23:46] [Netty Epoll Server IO #2/INFO]: [STDERR]: 	at knot//com.mojang.serialization.Encoder$1.encode(Encoder.java:25)
[18:23:46] [Netty Epoll Server IO #2/INFO]: [STDERR]: 	at knot//com.mojang.serialization.Codec$2.encode(Codec.java:76)
[18:23:46] [Netty Epoll Server IO #2/INFO]: [STDERR]: 	at knot//com.mojang.serialization.Encoder.encodeStart(Encoder.java:14)
[18:23:46] [Netty Epoll Server IO #2/INFO]: [STDERR]: 	at knot//com.mojang.serialization.codecs.KeyDispatchCodec.encode(KeyDispatchCodec.java:98)
[18:23:46] [Netty Epoll Server IO #2/INFO]: [STDERR]: 	at knot//com.mojang.serialization.MapCodec$MapCodecCodec.encode(MapCodec.java:96)
[18:23:46] [Netty Epoll Server IO #2/INFO]: [STDERR]: 	at knot//com.mojang.serialization.Encoder.encodeStart(Encoder.java:14)
[18:23:46] [Netty Epoll Server IO #2/INFO]: [STDERR]: 	at knot//com.mojang.serialization.codecs.BaseMapCodec.encode(BaseMapCodec.java:52)
[18:23:46] [Netty Epoll Server IO #2/INFO]: [STDERR]: 	at knot//com.mojang.serialization.codecs.UnboundedMapCodec.encode(UnboundedMapCodec.java:43)
[18:23:46] [Netty Epoll Server IO #2/INFO]: [STDERR]: 	at knot//com.mojang.serialization.codecs.UnboundedMapCodec.encode(UnboundedMapCodec.java:17)
[18:23:46] [Netty Epoll Server IO #2/INFO]: [STDERR]: 	at knot//com.mojang.serialization.Encoder$1.encode(Encoder.java:25)
[18:23:46] [Netty Epoll Server IO #2/INFO]: [STDERR]: 	at knot//com.mojang.serialization.Codec$2.encode(Codec.java:76)
[18:23:46] [Netty Epoll Server IO #2/INFO]: [STDERR]: 	at knot//com.mojang.serialization.Encoder.encodeStart(Encoder.java:14)
[18:23:46] [Netty Epoll Server IO #2/INFO]: [STDERR]: 	at knot//net.minecraft.class_2540.method_29172(class_2540.java:135)
[18:23:46] [Netty Epoll Server IO #2/INFO]: [STDERR]: 	at knot//net.minecraft.class_8734.method_11052(class_8734.java:26)
[18:23:46] [Netty Epoll Server IO #2/INFO]: [STDERR]: 	at knot//net.minecraft.class_2545.method_10838(class_2545.java:47)
[18:23:46] [Netty Epoll Server IO #2/INFO]: [STDERR]: 	at knot//net.minecraft.class_2545.encode(class_2545.java:15)
[18:23:46] [Netty Epoll Server IO #2/INFO]: [STDERR]: 	at knot//io.netty.handler.codec.MessageToByteEncoder.write(MessageToByteEncoder.java:107)
[18:23:46] [Netty Epoll Server IO #2/INFO]: [STDERR]: 	at knot//io.netty.channel.AbstractChannelHandlerContext.invokeWrite0(AbstractChannelHandlerContext.java:881)
[18:23:46] [Netty Epoll Server IO #2/INFO]: [STDERR]: 	at knot//io.netty.channel.AbstractChannelHandlerContext.invokeWrite(AbstractChannelHandlerContext.java:863)
[18:23:46] [Netty Epoll Server IO #2/INFO]: [STDERR]: 	at knot//io.netty.channel.AbstractChannelHandlerContext.write(AbstractChannelHandlerContext.java:968)
[18:23:46] [Netty Epoll Server IO #2/INFO]: [STDERR]: 	at knot//io.netty.channel.AbstractChannelHandlerContext.write(AbstractChannelHandlerContext.java:856)
[18:23:46] [Netty Epoll Server IO #2/INFO]: [STDERR]: 	at knot//io.netty.handler.codec.MessageToMessageEncoder.write(MessageToMessageEncoder.java:113)
[18:23:46] [Netty Epoll Server IO #2/INFO]: [STDERR]: 	at knot//io.netty.channel.AbstractChannelHandlerContext.invokeWrite0(AbstractChannelHandlerContext.java:881)
[18:23:46] [Netty Epoll Server IO #2/INFO]: [STDERR]: 	at knot//io.netty.channel.AbstractChannelHandlerContext.invokeWriteAndFlush(AbstractChannelHandlerContext.java:940)
[18:23:46] [Netty Epoll Server IO #2/INFO]: [STDERR]: 	at knot//io.netty.channel.AbstractChannelHandlerContext.write(AbstractChannelHandlerContext.java:966)
[18:23:46] [Netty Epoll Server IO #2/INFO]: [STDERR]: 	at knot//io.netty.channel.AbstractChannelHandlerContext.writeAndFlush(AbstractChannelHandlerContext.java:934)
[18:23:46] [Netty Epoll Server IO #2/INFO]: [STDERR]: 	at knot//io.netty.channel.AbstractChannelHandlerContext.writeAndFlush(AbstractChannelHandlerContext.java:984)
[18:23:46] [Netty Epoll Server IO #2/INFO]: [STDERR]: 	at knot//io.netty.channel.DefaultChannelPipeline.writeAndFlush(DefaultChannelPipeline.java:1025)
[18:23:46] [Netty Epoll Server IO #2/INFO]: [STDERR]: 	at knot//io.netty.channel.AbstractChannel.writeAndFlush(AbstractChannel.java:306)
[18:23:46] [Netty Epoll Server IO #2/INFO]: [STDERR]: 	at knot//net.minecraft.class_2535.method_36942(class_2535.java:321)
[18:23:46] [Netty Epoll Server IO #2/INFO]: [STDERR]: 	at knot//net.minecraft.class_2535.method_10764(class_2535.java:314)
[18:23:46] [Netty Epoll Server IO #2/INFO]: [STDERR]: 	at knot//net.minecraft.class_2535.method_52906(class_2535.java:296)
[18:23:46] [Netty Epoll Server IO #2/INFO]: [STDERR]: 	at knot//net.minecraft.class_8609.method_52391(class_8609.java:119)
[18:23:46] [Netty Epoll Server IO #2/INFO]: [STDERR]: 	at knot//net.minecraft.class_8609.method_14364(class_8609.java:113)
[18:23:46] [Netty Epoll Server IO #2/INFO]: [STDERR]: 	at knot//net.minecraft.class_8610.method_52409(class_8610.java:73)
[18:23:46] [Netty Epoll Server IO #2/INFO]: [STDERR]: 	at knot//net.fabricmc.fabric.impl.networking.server.ServerConfigurationNetworkAddon.onPong(ServerConfigurationNetworkAddon.java:101)
[18:23:46] [Netty Epoll Server IO #2/INFO]: [STDERR]: 	at knot//net.minecraft.class_8609.handler$zfk000$fabric-networking-api-v1$onPlayPong(class_8609.java:561)
[18:23:46] [Netty Epoll Server IO #2/INFO]: [STDERR]: 	at knot//net.minecraft.class_8609.method_52394(class_8609.java)
[18:23:46] [Netty Epoll Server IO #2/INFO]: [STDERR]: 	at knot//net.minecraft.class_6374.method_36959(class_6374.java:25)
[18:23:46] [Netty Epoll Server IO #2/INFO]: [STDERR]: 	at knot//net.minecraft.class_6374.method_11054(class_6374.java:7)
[18:23:46] [Netty Epoll Server IO #2/INFO]: [STDERR]: 	at knot//net.minecraft.class_2535.method_10759(class_2535.java:196)
[18:23:46] [Netty Epoll Server IO #2/INFO]: [STDERR]: 	at knot//net.minecraft.class_2535.method_10770(class_2535.java:181)
[18:23:46] [Netty Epoll Server IO #2/INFO]: [STDERR]: 	at knot//net.minecraft.class_2535.channelRead0(class_2535.java:60)
[18:23:46] [Netty Epoll Server IO #2/INFO]: [STDERR]: 	at knot//io.netty.channel.SimpleChannelInboundHandler.channelRead(SimpleChannelInboundHandler.java:99)
[18:23:46] [Netty Epoll Server IO #2/INFO]: [STDERR]: 	at knot//io.netty.channel.AbstractChannelHandlerContext.invokeChannelRead(AbstractChannelHandlerContext.java:444)
[18:23:46] [Netty Epoll Server IO #2/INFO]: [STDERR]: 	at knot//io.netty.channel.AbstractChannelHandlerContext.invokeChannelRead(AbstractChannelHandlerContext.java:420)
[18:23:46] [Netty Epoll Server IO #2/INFO]: [STDERR]: 	at knot//io.netty.channel.AbstractChannelHandlerContext.fireChannelRead(AbstractChannelHandlerContext.java:412)
[18:23:46] [Netty Epoll Server IO #2/INFO]: [STDERR]: 	at knot//io.netty.handler.flow.FlowControlHandler.dequeue(FlowControlHandler.java:202)
[18:23:46] [Netty Epoll Server IO #2/INFO]: [STDERR]: 	at knot//io.netty.handler.flow.FlowControlHandler.channelRead(FlowControlHandler.java:164)
[18:23:46] [Netty Epoll Server IO #2/INFO]: [STDERR]: 	at knot//io.netty.channel.AbstractChannelHandlerContext.invokeChannelRead(AbstractChannelHandlerContext.java:442)
[18:23:46] [Netty Epoll Server IO #2/INFO]: [STDERR]: 	at knot//io.netty.channel.AbstractChannelHandlerContext.invokeChannelRead(AbstractChannelHandlerContext.java:420)
[18:23:46] [Netty Epoll Server IO #2/INFO]: [STDERR]: 	at knot//io.netty.channel.AbstractChannelHandlerContext.fireChannelRead(AbstractChannelHandlerContext.java:412)
[18:23:46] [Netty Epoll Server IO #2/INFO]: [STDERR]: 	at knot//io.netty.handler.codec.MessageToMessageDecoder.channelRead(MessageToMessageDecoder.java:103)
[18:23:46] [Netty Epoll Server IO #2/INFO]: [STDERR]: 	at knot//io.netty.channel.AbstractChannelHandlerContext.invokeChannelRead(AbstractChannelHandlerContext.java:444)
[18:23:46] [Netty Epoll Server IO #2/INFO]: [STDERR]: 	at knot//io.netty.channel.AbstractChannelHandlerContext.invokeChannelRead(AbstractChannelHandlerContext.java:420)
[18:23:46] [Netty Epoll Server IO #2/INFO]: [STDERR]: 	at knot//io.netty.channel.AbstractChannelHandlerContext.fireChannelRead(AbstractChannelHandlerContext.java:412)
[18:23:46] [Netty Epoll Server IO #2/INFO]: [STDERR]: 	at knot//io.netty.handler.codec.ByteToMessageDecoder.fireChannelRead(ByteToMessageDecoder.java:346)
[18:23:46] [Netty Epoll Server IO #2/INFO]: [STDERR]: 	at knot//io.netty.handler.codec.ByteToMessageDecoder.channelRead(ByteToMessageDecoder.java:318)
[18:23:46] [Netty Epoll Server IO #2/INFO]: [STDERR]: 	at knot//io.netty.channel.AbstractChannelHandlerContext.invokeChannelRead(AbstractChannelHandlerContext.java:444)
[18:23:46] [Netty Epoll Server IO #2/INFO]: [STDERR]: 	at knot//io.netty.channel.AbstractChannelHandlerContext.invokeChannelRead(AbstractChannelHandlerContext.java:420)
[18:23:46] [Netty Epoll Server IO #2/INFO]: [STDERR]: 	at knot//io.netty.channel.AbstractChannelHandlerContext.fireChannelRead(AbstractChannelHandlerContext.java:412)
[18:23:46] [Netty Epoll Server IO #2/INFO]: [STDERR]: 	at knot//io.netty.handler.codec.ByteToMessageDecoder.fireChannelRead(ByteToMessageDecoder.java:346)
[18:23:46] [Netty Epoll Server IO #2/INFO]: [STDERR]: 	at knot//io.netty.handler.codec.ByteToMessageDecoder.channelRead(ByteToMessageDecoder.java:318)
[18:23:46] [Netty Epoll Server IO #2/INFO]: [STDERR]: 	at knot//io.netty.channel.AbstractChannelHandlerContext.invokeChannelRead(AbstractChannelHandlerContext.java:444)
[18:23:46] [Netty Epoll Server IO #2/INFO]: [STDERR]: 	at knot//io.netty.channel.AbstractChannelHandlerContext.invokeChannelRead(AbstractChannelHandlerContext.java:420)
[18:23:46] [Netty Epoll Server IO #2/INFO]: [STDERR]: 	at knot//io.netty.channel.AbstractChannelHandlerContext.fireChannelRead(AbstractChannelHandlerContext.java:412)
[18:23:46] [Netty Epoll Server IO #2/INFO]: [STDERR]: 	at knot//io.netty.handler.timeout.IdleStateHandler.channelRead(IdleStateHandler.java:286)
[18:23:46] [Netty Epoll Server IO #2/INFO]: [STDERR]: 	at knot//io.netty.channel.AbstractChannelHandlerContext.invokeChannelRead(AbstractChannelHandlerContext.java:442)
[18:23:46] [Netty Epoll Server IO #2/INFO]: [STDERR]: 	at knot//io.netty.channel.AbstractChannelHandlerContext.invokeChannelRead(AbstractChannelHandlerContext.java:420)
[18:23:46] [Netty Epoll Server IO #2/INFO]: [STDERR]: 	at knot//io.netty.channel.AbstractChannelHandlerContext.fireChannelRead(AbstractChannelHandlerContext.java:412)
[18:23:46] [Netty Epoll Server IO #2/INFO]: [STDERR]: 	at knot//io.netty.channel.DefaultChannelPipeline$HeadContext.channelRead(DefaultChannelPipeline.java:1410)
[18:23:46] [Netty Epoll Server IO #2/INFO]: [STDERR]: 	at knot//io.netty.channel.AbstractChannelHandlerContext.invokeChannelRead(AbstractChannelHandlerContext.java:440)
[18:23:46] [Netty Epoll Server IO #2/INFO]: [STDERR]: 	at knot//io.netty.channel.AbstractChannelHandlerContext.invokeChannelRead(AbstractChannelHandlerContext.java:420)
[18:23:46] [Netty Epoll Server IO #2/INFO]: [STDERR]: 	at knot//io.netty.channel.DefaultChannelPipeline.fireChannelRead(DefaultChannelPipeline.java:919)
[18:23:46] [Netty Epoll Server IO #2/INFO]: [STDERR]: 	at knot//io.netty.channel.epoll.AbstractEpollStreamChannel$EpollStreamUnsafe.epollInReady(AbstractEpollStreamChannel.java:800)
[18:23:46] [Netty Epoll Server IO #2/INFO]: [STDERR]: 	at knot//io.netty.channel.epoll.EpollEventLoop.processReady(EpollEventLoop.java:509)
[18:23:46] [Netty Epoll Server IO #2/INFO]: [STDERR]: 	at knot//io.netty.channel.epoll.EpollEventLoop.run(EpollEventLoop.java:407)
[18:23:46] [Netty Epoll Server IO #2/INFO]: [STDERR]: 	at knot//io.netty.util.concurrent.SingleThreadEventExecutor$4.run(SingleThreadEventExecutor.java:997)
[18:23:46] [Netty Epoll Server IO #2/INFO]: [STDERR]: 	at knot//io.netty.util.internal.ThreadExecutorMap$2.run(ThreadExecutorMap.java:74)
[18:23:46] [Netty Epoll Server IO #2/INFO]: [STDERR]: 	at java.base/java.lang.Thread.run(Thread.java:1474)
[18:23:46] [Server thread/INFO]: lax1dude[/[0:0:0:0:0:0:0:1]:47836] logged in with entity id 87 at (1.5, 70.0, -32.5)
[18:23:46] [Server thread/INFO]: lax1dude joined the game
[18:24:06] [Server thread/INFO]: lax1dude lost connection: Disconnected
[18:24:06] [Server thread/INFO]: lax1dude left the game
