[18:23:35] [main/INFO] [com.velocitypowered.proxy.VelocityServer]: Booting up Velocity 3.3.0-SNAPSHOT (git-2016d148-b436)...
[18:23:35] [main/INFO] [com.velocitypowered.proxy.VelocityServer]: Loading localizations...
[18:23:36] [main/INFO] [com.velocitypowered.proxy.network.ConnectionManager]: Connections will use epoll channels, libdeflate (Linux x86_64) compression, OpenSSL 3.x.x (Linux x86_64) ciphers
[18:23:36] [main/WARN] [com.velocitypowered.proxy.config.VelocityConfiguration]: The proxy is running in offline mode! This is a security risk and you will NOT receive any support!
[18:23:36] [main/INFO] [com.velocitypowered.proxy.VelocityServer]: Loading plugins...
[18:23:36] [main/ERROR] [com.velocitypowered.proxy.console.VelocityConsole]: :>:>:>:>:>:>:>:>:>:>:>:>:>:>:>:>:>:>:>:>:>:>:>
[18:23:36] [main/ERROR] [com.velocitypowered.proxy.console.VelocityConsole]: :>  
[18:23:36] [main/ERROR] [com.velocitypowered.proxy.console.VelocityConsole]: :>      EAGLERCRAFTXVELOCITY WARNING:
[18:23:36] [main/ERROR] [com.velocitypowered.proxy.console.VelocityConsole]: :>  
[18:23:36] [main/ERROR] [com.velocitypowered.proxy.console.VelocityConsole]: :>  This plugin wasn't tested to be 'working'
[18:23:36] [main/ERROR] [com.velocitypowered.proxy.console.VelocityConsole]: :>  with ANY version of Velocity (and forks)
[18:23:36] [main/ERROR] [com.velocitypowered.proxy.console.VelocityConsole]: :>  apart from the versions listed below:
[18:23:36] [main/ERROR] [com.velocitypowered.proxy.console.VelocityConsole]: :>  
[18:23:36] [main/ERROR] [com.velocitypowered.proxy.console.VelocityConsole]: :>  - Velocity: 3.4.0-SNAPSHOT:6995f415:b464
[18:23:36] [main/ERROR] [com.velocitypowered.proxy.console.VelocityConsole]: :>  - https://api.papermc.io/v2/projects/velocity/versions/3.4.0-SNAPSHOT/builds/464/downloads/velocity-3.4.0-SNAPSHOT-464.jar
[18:23:36] [main/ERROR] [com.velocitypowered.proxy.console.VelocityConsole]: :>  
[18:23:36] [main/ERROR] [com.velocitypowered.proxy.console.VelocityConsole]: :>  This is not a Bukkit/Spigot plugin!
[18:23:36] [main/ERROR] [com.velocitypowered.proxy.console.VelocityConsole]: :>  
[18:23:36] [main/ERROR] [com.velocitypowered.proxy.console.VelocityConsole]: :>  Use "-Deaglerxvelocity.stfu=true" to hide
[18:23:36] [main/ERROR] [com.velocitypowered.proxy.console.VelocityConsole]: :>  
[18:23:36] [main/ERROR] [com.velocitypowered.proxy.console.VelocityConsole]: :>:>:>:>:>:>:>:>:>:>:>:>:>:>:>:>:>:>:>:>:>:>:>
[18:23:36] [main/INFO] [com.velocitypowered.proxy.plugin.VelocityPluginManager]: Loaded plugin eaglerxvelocity 1.1.7 by lax1dude, ayunami2000
[18:23:36] [main/INFO] [com.velocitypowered.proxy.plugin.VelocityPluginManager]: Loaded plugin viaversion 5.9.0 by _MylesC, creeper123123321, Gerrygames, kennytv, Matsv, EnZaXD, RK_01
[18:23:36] [main/INFO] [com.velocitypowered.proxy.plugin.VelocityPluginManager]: Loaded plugin viabackwards 5.9.0 by Matsv, kennytv, Gerrygames, creeper123123321, ForceUpdate1, EnZaXD
[18:23:36] [main/INFO] [com.velocitypowered.proxy.VelocityServer]: Loaded 4 plugins
[18:23:36] [EaglercraftXVelocity - Task Executor #0/WARN] [eaglerxvelocity]: This plugin is still in development, certain features may not be functional!
[18:23:36] [EaglercraftXVelocity - Task Executor #0/WARN] [eaglerxvelocity]: Not recommended for public servers yet, please check for updates
[18:23:37] [EaglercraftXVelocity - Task Executor #0/ERROR] [eaglerxvelocity]: Online mode is set to false! Authentication system has been disabled
[18:23:37] [Netty epoll Boss #0/INFO] [eaglerxvelocity]: Eaglercraft is listening on: /0.0.0.0:8081
[18:23:37] [EaglercraftXVelocity - Task Executor #0/INFO] [eaglerxvelocity]: Connected to database: jdbc:sqlite:eaglercraft_skins_cache.db
[18:23:37] [EaglercraftXVelocity - Task Executor #0/INFO] [eaglerxvelocity]: Voice chat disabled, add "allow_voice: true" to your listeners to enable
[18:23:38] [Via-Mappingloader-1/INFO] [viaversion]: Loading block connection mappings ...
[18:23:38] [EaglercraftXVelocity - Task Executor #0/INFO] [viaversion]: Replacing channel initializers; you can safely ignore the following two warnings.
[18:23:38] [EaglercraftXVelocity - Task Executor #0/WARN] [com.velocitypowered.proxy.network.ConnectionManager]: The server channel initializer has been replaced by java.base/jdk.internal.reflect.DirectMethodHandleAccessor.invoke(DirectMethodHandleAccessor.java:104)
[18:23:38] [EaglercraftXVelocity - Task Executor #0/WARN] [com.velocitypowered.proxy.network.ConnectionManager]: The backend channel initializer has been replaced by java.base/jdk.internal.reflect.DirectMethodHandleAccessor.invoke(DirectMethodHandleAccessor.java:104)
[18:23:38] [EaglercraftXVelocity - Task Executor #0/INFO] [viabackwards]: Loading translations...
[18:23:38] [EaglercraftXVelocity - Task Executor #0/INFO] [viabackwards]: Registering protocols...
[18:23:39] [EaglercraftXVelocity - Task Executor #0/INFO] [viaversion]: ViaVersion detected lowest supported version by the proxy: 1.7.2-1.7.5 (4)
[18:23:39] [EaglercraftXVelocity - Task Executor #0/INFO] [viaversion]: Highest supported version by the proxy: 1.21-1.21.1 (767)
[18:23:39] [Netty epoll Boss #1/INFO] [com.velocitypowered.proxy.network.ConnectionManager]: Listening on /[0:0:0:0:0:0:0:0%0]:25566
[18:23:39] [main/INFO] [com.velocitypowered.proxy.Velocity]: Done (4.1s)!
[18:23:40] [ViaVersion - Task Executor #0/INFO] [viaversion]: Finished mapping loading, shutting down loader executor.
[18:23:44] [Netty epoll Worker #3/WARN] [eaglerxvelocity]: Server icon is not a file: /workspaces/EaglerCraft-Server-1.20.5/velocity/server-icon.png
[18:23:45] [Netty epoll Worker #0/INFO] [eaglerxvelocity]: [/[0:0:0:0:0:0:0:1%0]:57084]: Connected via websocket
[18:23:45] [Netty epoll Worker #0/INFO] [eaglerxvelocity]: [/[0:0:0:0:0:0:0:1%0]:57084]: Origin header is https://test.tuffis.online
[18:23:46] [Netty epoll Worker #0/INFO] [eaglerxvelocity]: [connected player] lax1dude (/[0:0:0:0:0:0:0:1%0]:57084) has connected
[18:23:46] [Netty epoll Worker #0/INFO] [com.velocitypowered.proxy.connection.MinecraftConnection]: [server connection] lax1dude -> lobby has connected
[18:23:46] [Netty epoll Worker #0/WARN] [viabackwards]: (1.17->1.16.4) Increased world height is NOT SUPPORTED for 1.16 players and below. They will see a void below y 0 and above 256. You can enable the `bedrock-at-y-0` config option to replace the air with a bedrock layer.
[18:24:06] [Netty epoll Worker #0/INFO] [com.velocitypowered.proxy.connection.MinecraftConnection]: [connected player] lax1dude (/[0:0:0:0:0:0:0:1%0]:57084) has disconnected
[18:24:06] [Netty epoll Worker #0/INFO] [com.velocitypowered.proxy.connection.MinecraftConnection]: [server connection] lax1dude -> lobby has disconnected
[18:24:18] [Thread-5/INFO] [com.velocitypowered.proxy.VelocityServer]: Shutting down the proxy...
[18:24:18] [Thread-5/INFO] [com.velocitypowered.proxy.network.ConnectionManager]: Closing endpoint /0.0.0.0:25566
[18:24:18] [EaglercraftXVelocity - Task Executor #0/INFO] [eaglerxvelocity]: Eaglercraft listener closed: /0.0.0.0:8081
[18:24:18] [EaglercraftXVelocity - Task Executor #0/INFO] [eaglerxvelocity]: Successfully disconnected from database 'jdbc:sqlite:eaglercraft_skins_cache.db'
